running egg_info
writing ../../build/my_robot_controller/my_robot_controller.egg-info/PKG-INFO
writing dependency_links to ../../build/my_robot_controller/my_robot_controller.egg-info/dependency_links.txt
writing requirements to ../../build/my_robot_controller/my_robot_controller.egg-info/requires.txt
writing top-level names to ../../build/my_robot_controller/my_robot_controller.egg-info/top_level.txt
reading manifest file '../../build/my_robot_controller/my_robot_controller.egg-info/SOURCES.txt'
writing manifest file '../../build/my_robot_controller/my_robot_controller.egg-info/SOURCES.txt'
running build
running build_py
copying my_robot_controller/__init__.py -> /home/ubuntu/ros-/ros2_ws/build/my_robot_controller/build/lib/my_robot_controller
running install
running install_lib
running install_data
copying resource/my_robot_controller -> /home/ubuntu/ros-/ros2_ws/install/my_robot_controller/share/ament_index/resource_index/packages
copying package.xml -> /home/ubuntu/ros-/ros2_ws/install/my_robot_controller/share/my_robot_controller
running install_egg_info
removing '/home/ubuntu/ros-/ros2_ws/install/my_robot_controller/lib/python3.12/site-packages/my_robot_controller-0.0.0-py3.12.egg-info' (and everything under it)
Copying ../../build/my_robot_controller/my_robot_controller.egg-info to /home/ubuntu/ros-/ros2_ws/install/my_robot_controller/lib/python3.12/site-packages/my_robot_controller-0.0.0-py3.12.egg-info
running install_scripts
writing list of installed files to '/home/ubuntu/ros-/ros2_ws/build/my_robot_controller/install.log'
